<?xml version="1.0" encoding="UTF-8"?>
<testng-results ignored="0" total="1" passed="1" failed="0" skipped="0">
  <reporter-output>
  </reporter-output>
  <suite started-at="2021-12-04T10:10:18 EST" name="Default suite" finished-at="2021-12-04T10:10:18 EST" duration-ms="62">
    <groups>
    </groups>
    <test started-at="2021-12-04T10:10:18 EST" name="Default test" finished-at="2021-12-04T10:10:18 EST" duration-ms="62">
      <class name="alamelu.First_TestNG">
        <test-method signature="test()[pri:0, instance:alamelu.First_TestNG@32b260fa]" started-at="2021-12-04T10:10:18 EST" name="test" finished-at="2021-12-04T10:10:18 EST" duration-ms="7" status="PASS">
          <reporter-output>
          </reporter-output>
        </test-method> <!-- test -->
      </class> <!-- alamelu.First_TestNG -->
    </test> <!-- Default test -->
  </suite> <!-- Default suite -->
</testng-results>
